AH00558: apache2: Could not reliably determine the server's fully qualified domain name, using 192.168.16.2. Set the 'ServerName' directive globally to suppress this message
[Tue Jun 28 06:54:14.154230 2022] [mpm_prefork:notice] [pid 1] AH00163: Apache/2.4.38 (Debian) PHP/7.2.34 configured -- resuming normal operations
[Tue Jun 28 06:54:14.154367 2022] [core:notice] [pid 1] AH00094: Command line: 'apache2 -D FOREGROUND'
[Tue Jun 28 06:54:23.264857 2022] [mpm_prefork:notice] [pid 1] AH00170: caught SIGWINCH, shutting down gracefully
AH00558: apache2: Could not reliably determine the server's fully qualified domain name, using 192.168.16.2. Set the 'ServerName' directive globally to suppress this message
[Tue Jun 28 06:54:28.428833 2022] [mpm_prefork:notice] [pid 1] AH00163: Apache/2.4.38 (Debian) PHP/7.2.34 configured -- resuming normal operations
[Tue Jun 28 06:54:28.428947 2022] [core:notice] [pid 1] AH00094: Command line: 'apache2 -D FOREGROUND'
[Tue Jun 28 06:58:26.117273 2022] [mpm_prefork:notice] [pid 1] AH00170: caught SIGWINCH, shutting down gracefully
AH00558: apache2: Could not reliably determine the server's fully qualified domain name, using 192.168.48.2. Set the 'ServerName' directive globally to suppress this message
[Tue Jun 28 06:58:32.105634 2022] [mpm_prefork:notice] [pid 1] AH00163: Apache/2.4.38 (Debian) PHP/7.2.34 configured -- resuming normal operations
[Tue Jun 28 06:58:32.105710 2022] [core:notice] [pid 1] AH00094: Command line: 'apache2 -D FOREGROUND'
[Tue Jun 28 06:59:31.306064 2022] [mpm_prefork:notice] [pid 1] AH00170: caught SIGWINCH, shutting down gracefully
AH00558: apache2: Could not reliably determine the server's fully qualified domain name, using 192.168.80.2. Set the 'ServerName' directive globally to suppress this message
[Tue Jun 28 06:59:37.743978 2022] [mpm_prefork:notice] [pid 1] AH00163: Apache/2.4.38 (Debian) PHP/7.2.34 configured -- resuming normal operations
[Tue Jun 28 06:59:37.744060 2022] [core:notice] [pid 1] AH00094: Command line: 'apache2 -D FOREGROUND'
[Tue Jun 28 07:00:11.183802 2022] [mpm_prefork:notice] [pid 1] AH00170: caught SIGWINCH, shutting down gracefully
AH00558: apache2: Could not reliably determine the server's fully qualified domain name, using 192.168.112.2. Set the 'ServerName' directive globally to suppress this message
[Tue Jun 28 07:00:14.769231 2022] [mpm_prefork:notice] [pid 1] AH00163: Apache/2.4.38 (Debian) PHP/7.2.34 configured -- resuming normal operations
[Tue Jun 28 07:00:14.769353 2022] [core:notice] [pid 1] AH00094: Command line: 'apache2 -D FOREGROUND'
[Tue Jun 28 07:02:05.182262 2022] [mpm_prefork:notice] [pid 1] AH00170: caught SIGWINCH, shutting down gracefully
AH00558: apache2: Could not reliably determine the server's fully qualified domain name, using 192.168.144.2. Set the 'ServerName' directive globally to suppress this message
PHP Warning:  Failed loading Zend extension 'opcache' (tried: /opt/bitnami/php/lib/php/extensions/opcache (/opt/bitnami/php/lib/php/extensions/opcache: cannot open shared object file: No such file or directory), /opt/bitnami/php/lib/php/extensions/opcache.so (/opt/bitnami/php/lib/php/extensions/opcache.so: cannot open shared object file: No such file or directory)) in Unknown on line 0
PHP Warning:  PHP Startup: Unable to load dynamic library 'sodium' (tried: /opt/bitnami/php/lib/php/extensions/sodium (/opt/bitnami/php/lib/php/extensions/sodium: cannot open shared object file: No such file or directory), /opt/bitnami/php/lib/php/extensions/sodium.so (/opt/bitnami/php/lib/php/extensions/sodium.so: cannot open shared object file: No such file or directory)) in Unknown on line 0
[Tue Jun 28 07:02:08.583666 2022] [mpm_prefork:notice] [pid 1] AH00163: Apache/2.4.38 (Debian) configured -- resuming normal operations
[Tue Jun 28 07:02:08.583748 2022] [core:notice] [pid 1] AH00094: Command line: 'apache2 -D FOREGROUND'
[Tue Jun 28 07:02:13.485183 2022] [php7:notice] [pid 17] [client 192.168.144.3:55028] PHP Notice:  Undefined index: addr in /var/www/html/index.php on line 21
[Tue Jun 28 07:04:24.422768 2022] [mpm_prefork:notice] [pid 1] AH00170: caught SIGWINCH, shutting down gracefully
AH00558: apache2: Could not reliably determine the server's fully qualified domain name, using 192.168.176.2. Set the 'ServerName' directive globally to suppress this message
PHP Warning:  Failed loading Zend extension 'opcache' (tried: /opt/bitnami/php/lib/php/extensions/opcache (/opt/bitnami/php/lib/php/extensions/opcache: cannot open shared object file: No such file or directory), /opt/bitnami/php/lib/php/extensions/opcache.so (/opt/bitnami/php/lib/php/extensions/opcache.so: cannot open shared object file: No such file or directory)) in Unknown on line 0
PHP Warning:  PHP Startup: Unable to load dynamic library 'sodium' (tried: /opt/bitnami/php/lib/php/extensions/sodium (/opt/bitnami/php/lib/php/extensions/sodium: cannot open shared object file: No such file or directory), /opt/bitnami/php/lib/php/extensions/sodium.so (/opt/bitnami/php/lib/php/extensions/sodium.so: cannot open shared object file: No such file or directory)) in Unknown on line 0
[Tue Jun 28 07:04:37.169325 2022] [mpm_prefork:notice] [pid 1] AH00163: Apache/2.4.38 (Debian) configured -- resuming normal operations
[Tue Jun 28 07:04:37.169432 2022] [core:notice] [pid 1] AH00094: Command line: 'apache2 -D FOREGROUND'
[Tue Jun 28 07:04:41.373538 2022] [php7:notice] [pid 20] [client 192.168.176.3:46690] PHP Notice:  Undefined index: addr in /var/www/html/index.php on line 19
[Tue Jun 28 07:04:57.571927 2022] [php7:notice] [pid 21] [client 127.0.0.1:49826] PHP Notice:  Undefined index: addr in /var/www/html/index.php on line 19
[Tue Jun 28 07:07:47.610986 2022] [mpm_prefork:notice] [pid 1] AH00170: caught SIGWINCH, shutting down gracefully
AH00558: apache2: Could not reliably determine the server's fully qualified domain name, using 192.168.208.2. Set the 'ServerName' directive globally to suppress this message
PHP Warning:  Failed loading Zend extension 'opcache' (tried: /opt/bitnami/php/lib/php/extensions/opcache (/opt/bitnami/php/lib/php/extensions/opcache: cannot open shared object file: No such file or directory), /opt/bitnami/php/lib/php/extensions/opcache.so (/opt/bitnami/php/lib/php/extensions/opcache.so: cannot open shared object file: No such file or directory)) in Unknown on line 0
PHP Warning:  PHP Startup: Unable to load dynamic library 'sodium' (tried: /opt/bitnami/php/lib/php/extensions/sodium (/opt/bitnami/php/lib/php/extensions/sodium: cannot open shared object file: No such file or directory), /opt/bitnami/php/lib/php/extensions/sodium.so (/opt/bitnami/php/lib/php/extensions/sodium.so: cannot open shared object file: No such file or directory)) in Unknown on line 0
[Tue Jun 28 15:05:37.424752 2022] [mpm_prefork:notice] [pid 1] AH00163: Apache/2.4.38 (Debian) configured -- resuming normal operations
[Tue Jun 28 15:05:37.425712 2022] [core:notice] [pid 1] AH00094: Command line: 'apache2 -D FOREGROUND'
[Tue Jun 28 15:05:42.653833 2022] [mpm_prefork:notice] [pid 1] AH00170: caught SIGWINCH, shutting down gracefully
AH00558: apache2: Could not reliably determine the server's fully qualified domain name, using 192.168.208.2. Set the 'ServerName' directive globally to suppress this message
PHP Warning:  Failed loading Zend extension 'opcache' (tried: /opt/bitnami/php/lib/php/extensions/opcache (/opt/bitnami/php/lib/php/extensions/opcache: cannot open shared object file: No such file or directory), /opt/bitnami/php/lib/php/extensions/opcache.so (/opt/bitnami/php/lib/php/extensions/opcache.so: cannot open shared object file: No such file or directory)) in Unknown on line 0
PHP Warning:  PHP Startup: Unable to load dynamic library 'sodium' (tried: /opt/bitnami/php/lib/php/extensions/sodium (/opt/bitnami/php/lib/php/extensions/sodium: cannot open shared object file: No such file or directory), /opt/bitnami/php/lib/php/extensions/sodium.so (/opt/bitnami/php/lib/php/extensions/sodium.so: cannot open shared object file: No such file or directory)) in Unknown on line 0
[Tue Jun 28 15:05:46.275284 2022] [mpm_prefork:notice] [pid 1] AH00163: Apache/2.4.38 (Debian) configured -- resuming normal operations
[Tue Jun 28 15:05:46.275376 2022] [core:notice] [pid 1] AH00094: Command line: 'apache2 -D FOREGROUND'
[Tue Jun 28 15:06:06.951635 2022] [php7:notice] [pid 18] [client 192.168.208.3:59850] PHP Notice:  Undefined index: addr in /var/www/html/index.php on line 19
[Tue Jun 28 15:06:54.151355 2022] [php7:notice] [pid 21] [client 192.168.208.3:59856] PHP Notice:  Undefined index: addr in /var/www/html/index.php on line 19
[Tue Jun 28 15:07:43.992141 2022] [php7:notice] [pid 21] [client 192.168.208.3:59876] PHP Notice:  Undefined index: addr in /var/www/html/index.php on line 19
[Tue Jun 28 15:09:31.635372 2022] [mpm_prefork:notice] [pid 1] AH00170: caught SIGWINCH, shutting down gracefully
